\BOOKMARK [-1][]{thuchapter.1.-1}{\376\377\156\005\123\116\131\047\133\146\000M\000E\000M\117\134\116\032\213\272\145\207\000\040\000L\000a\000T\000e\000X\000\040\152\041\147\177\117\177\165\050\171\072\117\213\145\207\150\143\000\040\000v\0007\000.\0002\000.\0003}{}% 1
\BOOKMARK [0][]{section*.2}{\376\377\144\130\211\201}{thuchapter.1.-1}% 2
\BOOKMARK [0][]{section*.4}{\376\377\000A\000b\000s\000t\000r\000a\000c\000t}{thuchapter.1.-1}% 3
\BOOKMARK [0][]{section*.6}{\376\377\166\356\137\125}{thuchapter.1.-1}% 4
\BOOKMARK [0][]{section*.8}{\376\377\143\322\126\376\124\214\226\104\210\150\156\005\123\125}{thuchapter.1.-1}% 5
\BOOKMARK [0][]{section*.10}{\376\377\173\046\123\367\124\214\177\051\165\145\213\355\213\364\146\016}{thuchapter.1.-1}% 6
\BOOKMARK [0][]{chapter.1}{\376\377\173\054\0001\172\340\000\040\213\272\145\207\116\073\211\201\220\350\122\006\166\204\121\231\154\325}{thuchapter.1.-1}% 7
\BOOKMARK [1][-]{section.1.1}{\376\377\0001\000.\0001\000\040\213\272\145\207\166\204\213\355\212\000\123\312\210\150\217\360}{chapter.1}% 8
\BOOKMARK [1][-]{section.1.2}{\376\377\0001\000.\0002\000\040\213\272\145\207\230\230\166\356\166\204\121\231\154\325}{chapter.1}% 9
\BOOKMARK [1][-]{section.1.3}{\376\377\0001\000.\0003\000\040\144\130\211\201\166\204\121\231\154\325}{chapter.1}% 10
\BOOKMARK [1][-]{section.1.4}{\376\377\0001\000.\0004\000\040\137\025\212\000\166\204\121\231\154\325}{chapter.1}% 11
\BOOKMARK [1][-]{section.1.5}{\376\377\0001\000.\0005\000\040\153\143\145\207\166\204\121\231\154\325}{chapter.1}% 12
\BOOKMARK [1][-]{section.1.6}{\376\377\0001\000.\0006\000\040\176\323\213\272\166\204\121\231\154\325}{chapter.1}% 13
\BOOKMARK [0][]{chapter.2}{\376\377\173\054\0002\172\340\000\040\126\376\210\150\171\072\117\213}{thuchapter.1.-1}% 14
\BOOKMARK [1][-]{section.2.1}{\376\377\0002\000.\0001\000\040\143\322\126\376}{chapter.2}% 15
\BOOKMARK [1][-]{section.2.2}{\376\377\0002\000.\0002\000\040\210\150\150\074}{chapter.2}% 16
\BOOKMARK [1][-]{section.2.3}{\376\377\0002\000.\0003\000\040\173\227\154\325}{chapter.2}% 17
\BOOKMARK [0][]{chapter.3}{\376\377\173\054\0003\172\340\000\040\145\160\133\146\173\046\123\367\124\214\121\154\137\017}{thuchapter.1.-1}% 18
\BOOKMARK [1][-]{section.3.1}{\376\377\0003\000.\0001\000\040\145\160\133\146\173\046\123\367}{chapter.3}% 19
\BOOKMARK [1][-]{section.3.2}{\376\377\0003\000.\0002\000\040\145\160\133\146\121\154\137\017}{chapter.3}% 20
\BOOKMARK [1][-]{section.3.3}{\376\377\0003\000.\0003\000\040\145\160\133\146\133\232\164\006}{chapter.3}% 21
\BOOKMARK [0][]{chapter.4}{\376\377\173\054\0004\172\340\000\040\137\025\165\050\145\207\163\056\166\204\150\007\154\350}{thuchapter.1.-1}% 22
\BOOKMARK [1][-]{section.4.1}{\376\377\0004\000.\0001\000\040\230\172\136\217\177\026\170\001\122\066}{chapter.4}% 23
\BOOKMARK [1][-]{section.4.2}{\376\377\0004\000.\0002\000\040\204\127\200\005\000-\121\372\162\110\136\164\122\066}{chapter.4}% 24
\BOOKMARK [0][]{appendix.A}{\376\377\226\104\137\125\000\040\000A\000\040\210\145\121\105\121\205\133\271}{thuchapter.1.-1}% 25
\BOOKMARK [1][-]{section.A.1}{\376\377\000A\000.\0001\000\040\126\376\210\150\171\072\117\213}{appendix.A}% 26
\BOOKMARK [2][-]{subsection.A.1.1}{\376\377\000A\000.\0001\000.\0001\000\040\126\376}{section.A.1}% 27
\BOOKMARK [2][-]{subsection.A.1.2}{\376\377\000A\000.\0001\000.\0002\000\040\210\150\150\074}{section.A.1}% 28
\BOOKMARK [1][-]{section.A.2}{\376\377\000A\000.\0002\000\040\145\160\133\146\121\154\137\017}{appendix.A}% 29
\BOOKMARK [0][]{section*.19}{\376\377\201\364\214\042}{thuchapter.1.-1}% 30
\BOOKMARK [0][]{section*.21}{\376\377\130\360\146\016}{thuchapter.1.-1}% 31
\BOOKMARK [0][]{section*.23}{\376\377\116\052\116\272\173\200\123\206\060\001\127\050\133\146\147\037\225\364\133\214\142\020\166\204\166\370\121\163\133\146\147\057\142\020\147\234}{thuchapter.1.-1}% 32
\BOOKMARK [0][]{appendix*.29}{\376\377\143\007\133\374\145\131\136\010\133\146\147\057\213\304\213\355}{thuchapter.1.-1}% 33
\BOOKMARK [0][]{appendix*.30}{\376\377\173\124\217\251\131\324\124\130\117\032\121\263\213\256\116\146}{thuchapter.1.-1}% 34
